2022-09-26 09:51:30,888 INFO org.springframework.boot.StartupInfoLogger [restartedMain] Starting SpringbootApplication using Java 17.0.3 on vmf36 with PID 2159 (/home/feynmann/eclipse-workspace/springboot/target/classes started by feynmann in /home/feynmann/eclipse-workspace/springboot)
2022-09-26 09:51:30,882 INFO org.hibernate.validator.internal.util.Version [background-preinit] HV000001: Hibernate Validator 6.2.4.Final
2022-09-26 09:51:30,908 DEBUG org.springframework.boot.StartupInfoLogger [restartedMain] Running with Spring Boot v2.7.3, Spring v5.3.22
2022-09-26 09:51:30,954 INFO org.springframework.boot.SpringApplication [restartedMain] No active profile set, falling back to 1 default profile: "default"
2022-09-26 09:51:31,396 INFO org.springframework.boot.logging.DeferredLog [restartedMain] Devtools property defaults active! Set 'spring.devtools.add-properties' to 'false' to disable
2022-09-26 09:51:31,402 INFO org.springframework.boot.logging.DeferredLog [restartedMain] For additional web related logging consider setting the 'logging.level.web' property to 'DEBUG'
2022-09-26 09:51:38,174 INFO org.springframework.data.repository.config.RepositoryConfigurationDelegate [restartedMain] Bootstrapping Spring Data JPA repositories in DEFAULT mode.
2022-09-26 09:51:38,496 INFO org.springframework.data.repository.config.RepositoryConfigurationDelegate [restartedMain] Finished Spring Data repository scanning in 278 ms. Found 4 JPA repository interfaces.
2022-09-26 09:51:44,521 INFO org.springframework.boot.web.embedded.tomcat.TomcatWebServer [restartedMain] Tomcat initialized with port(s): 8080 (http)
2022-09-26 09:51:44,615 INFO org.apache.juli.logging.DirectJDKLog [restartedMain] Initializing ProtocolHandler ["http-nio-8080"]
2022-09-26 09:51:44,628 INFO org.apache.juli.logging.DirectJDKLog [restartedMain] Starting service [Tomcat]
2022-09-26 09:51:44,644 INFO org.apache.juli.logging.DirectJDKLog [restartedMain] Starting Servlet engine: [Apache Tomcat/9.0.65]
2022-09-26 09:51:45,224 INFO org.apache.juli.logging.DirectJDKLog [restartedMain] Initializing Spring embedded WebApplicationContext
2022-09-26 09:51:45,225 INFO org.springframework.boot.web.servlet.context.ServletWebServerApplicationContext [restartedMain] Root WebApplicationContext: initialization completed in 13807 ms
2022-09-26 09:51:47,846 INFO com.zaxxer.hikari.HikariDataSource [restartedMain] HikariPool-1 - Starting...
2022-09-26 09:51:48,897 INFO com.zaxxer.hikari.HikariDataSource [restartedMain] HikariPool-1 - Start completed.
2022-09-26 09:51:49,443 INFO org.hibernate.jpa.internal.util.LogHelper [restartedMain] HHH000204: Processing PersistenceUnitInfo [name: default]
2022-09-26 09:51:49,957 INFO org.hibernate.Version [restartedMain] HHH000412: Hibernate ORM core version 5.6.10.Final
2022-09-26 09:51:51,439 INFO org.hibernate.annotations.common.reflection.java.JavaReflectionManager [restartedMain] HCANN000001: Hibernate Commons Annotations {5.1.2.Final}
2022-09-26 09:51:52,305 INFO org.hibernate.dialect.Dialect [restartedMain] HHH000400: Using dialect: org.hibernate.dialect.PostgreSQL10Dialect
2022-09-26 09:51:57,878 INFO org.hibernate.engine.transaction.jta.platform.internal.JtaPlatformInitiator [restartedMain] HHH000490: Using JtaPlatform implementation: [org.hibernate.engine.transaction.jta.platform.internal.NoJtaPlatform]
2022-09-26 09:51:58,878 INFO org.springframework.orm.jpa.AbstractEntityManagerFactoryBean [restartedMain] Initialized JPA EntityManagerFactory for persistence unit 'default'
2022-09-26 09:52:05,259 WARN org.springframework.boot.autoconfigure.orm.jpa.JpaBaseConfiguration$JpaWebConfiguration [restartedMain] spring.jpa.open-in-view is enabled by default. Therefore, database queries may be performed during view rendering. Explicitly configure spring.jpa.open-in-view to disable this warning
2022-09-26 09:52:07,898 INFO org.springframework.boot.devtools.autoconfigure.OptionalLiveReloadServer [restartedMain] LiveReload server is running on port 35729
2022-09-26 09:52:07,943 INFO org.springframework.boot.actuate.endpoint.web.EndpointLinksResolver [restartedMain] Exposing 1 endpoint(s) beneath base path '/actuator'
2022-09-26 09:52:08,251 INFO org.apache.juli.logging.DirectJDKLog [restartedMain] Starting ProtocolHandler ["http-nio-8080"]
2022-09-26 09:52:08,375 INFO org.springframework.boot.web.embedded.tomcat.TomcatWebServer [restartedMain] Tomcat started on port(s): 8080 (http) with context path ''
2022-09-26 09:52:08,494 INFO org.springframework.boot.StartupInfoLogger [restartedMain] Started SpringbootApplication in 39.756 seconds (JVM running for 45.827)
2022-09-26 09:53:23,634 INFO org.apache.juli.logging.DirectJDKLog [http-nio-8080-exec-1] Initializing Spring DispatcherServlet 'dispatcherServlet'
2022-09-26 09:53:23,635 INFO org.springframework.web.servlet.FrameworkServlet [http-nio-8080-exec-1] Initializing Servlet 'dispatcherServlet'
2022-09-26 09:53:23,649 INFO org.springframework.web.servlet.FrameworkServlet [http-nio-8080-exec-1] Completed initialization in 3 ms
2022-09-26 11:19:12,760 INFO org.springframework.boot.admin.SpringApplicationAdminMXBeanRegistrar$SpringApplicationAdmin [RMI TCP Connection(117)-127.0.0.1] Application shutdown requested.
2022-09-26 11:19:12,779 INFO org.apache.juli.logging.DirectJDKLog [RMI TCP Connection(117)-127.0.0.1] Pausing ProtocolHandler ["http-nio-8080"]
2022-09-26 11:19:12,780 INFO org.apache.juli.logging.DirectJDKLog [RMI TCP Connection(117)-127.0.0.1] Stopping service [Tomcat]
2022-09-26 11:19:12,789 INFO org.apache.juli.logging.DirectJDKLog [RMI TCP Connection(117)-127.0.0.1] Destroying Spring FrameworkServlet 'dispatcherServlet'
2022-09-26 11:19:12,798 INFO org.apache.juli.logging.DirectJDKLog [RMI TCP Connection(117)-127.0.0.1] Stopping ProtocolHandler ["http-nio-8080"]
2022-09-26 11:19:12,806 INFO org.apache.juli.logging.DirectJDKLog [RMI TCP Connection(117)-127.0.0.1] Destroying ProtocolHandler ["http-nio-8080"]
2022-09-26 11:19:12,840 INFO org.springframework.orm.jpa.AbstractEntityManagerFactoryBean [RMI TCP Connection(117)-127.0.0.1] Closing JPA EntityManagerFactory for persistence unit 'default'
2022-09-26 11:19:12,887 INFO com.zaxxer.hikari.HikariDataSource [RMI TCP Connection(117)-127.0.0.1] HikariPool-1 - Shutdown initiated...
2022-09-26 11:19:12,913 INFO com.zaxxer.hikari.HikariDataSource [RMI TCP Connection(117)-127.0.0.1] HikariPool-1 - Shutdown completed.
2022-09-26 11:19:20,403 INFO org.springframework.boot.StartupInfoLogger [restartedMain] Starting SpringbootApplication using Java 17.0.3 on vmf36 with PID 6069 (/home/feynmann/eclipse-workspace/springboot/target/classes started by feynmann in /home/feynmann/eclipse-workspace/springboot)
2022-09-26 11:19:20,409 DEBUG org.springframework.boot.StartupInfoLogger [restartedMain] Running with Spring Boot v2.7.3, Spring v5.3.22
2022-09-26 11:19:20,413 INFO org.springframework.boot.SpringApplication [restartedMain] No active profile set, falling back to 1 default profile: "default"
2022-09-26 11:19:20,503 INFO org.hibernate.validator.internal.util.Version [background-preinit] HV000001: Hibernate Validator 6.2.4.Final
2022-09-26 11:19:20,636 INFO org.springframework.boot.logging.DeferredLog [restartedMain] Devtools property defaults active! Set 'spring.devtools.add-properties' to 'false' to disable
2022-09-26 11:19:20,637 INFO org.springframework.boot.logging.DeferredLog [restartedMain] For additional web related logging consider setting the 'logging.level.web' property to 'DEBUG'
2022-09-26 11:19:22,834 INFO org.springframework.data.repository.config.RepositoryConfigurationDelegate [restartedMain] Bootstrapping Spring Data JPA repositories in DEFAULT mode.
2022-09-26 11:19:22,941 INFO org.springframework.data.repository.config.RepositoryConfigurationDelegate [restartedMain] Finished Spring Data repository scanning in 80 ms. Found 4 JPA repository interfaces.
2022-09-26 11:19:24,398 INFO org.springframework.boot.web.embedded.tomcat.TomcatWebServer [restartedMain] Tomcat initialized with port(s): 8080 (http)
2022-09-26 11:19:24,420 INFO org.apache.juli.logging.DirectJDKLog [restartedMain] Initializing ProtocolHandler ["http-nio-8080"]
2022-09-26 11:19:24,421 INFO org.apache.juli.logging.DirectJDKLog [restartedMain] Starting service [Tomcat]
2022-09-26 11:19:24,424 INFO org.apache.juli.logging.DirectJDKLog [restartedMain] Starting Servlet engine: [Apache Tomcat/9.0.65]
2022-09-26 11:19:24,572 INFO org.apache.juli.logging.DirectJDKLog [restartedMain] Initializing Spring embedded WebApplicationContext
2022-09-26 11:19:24,573 INFO org.springframework.boot.web.servlet.context.ServletWebServerApplicationContext [restartedMain] Root WebApplicationContext: initialization completed in 3918 ms
2022-09-26 11:19:25,242 INFO com.zaxxer.hikari.HikariDataSource [restartedMain] HikariPool-1 - Starting...
2022-09-26 11:19:25,762 INFO com.zaxxer.hikari.HikariDataSource [restartedMain] HikariPool-1 - Start completed.
2022-09-26 11:19:25,971 INFO org.hibernate.jpa.internal.util.LogHelper [restartedMain] HHH000204: Processing PersistenceUnitInfo [name: default]
2022-09-26 11:19:26,235 INFO org.hibernate.Version [restartedMain] HHH000412: Hibernate ORM core version 5.6.10.Final
2022-09-26 11:19:26,720 INFO org.hibernate.annotations.common.reflection.java.JavaReflectionManager [restartedMain] HCANN000001: Hibernate Commons Annotations {5.1.2.Final}
2022-09-26 11:19:26,932 INFO org.hibernate.dialect.Dialect [restartedMain] HHH000400: Using dialect: org.hibernate.dialect.PostgreSQL10Dialect
2022-09-26 11:19:28,402 INFO org.hibernate.engine.transaction.jta.platform.internal.JtaPlatformInitiator [restartedMain] HHH000490: Using JtaPlatform implementation: [org.hibernate.engine.transaction.jta.platform.internal.NoJtaPlatform]
2022-09-26 11:19:28,608 INFO org.springframework.orm.jpa.AbstractEntityManagerFactoryBean [restartedMain] Initialized JPA EntityManagerFactory for persistence unit 'default'
2022-09-26 11:19:30,144 WARN org.springframework.boot.autoconfigure.orm.jpa.JpaBaseConfiguration$JpaWebConfiguration [restartedMain] spring.jpa.open-in-view is enabled by default. Therefore, database queries may be performed during view rendering. Explicitly configure spring.jpa.open-in-view to disable this warning
2022-09-26 11:19:31,149 INFO org.springframework.boot.devtools.autoconfigure.OptionalLiveReloadServer [restartedMain] LiveReload server is running on port 35729
2022-09-26 11:19:31,191 INFO org.springframework.boot.actuate.endpoint.web.EndpointLinksResolver [restartedMain] Exposing 1 endpoint(s) beneath base path '/actuator'
2022-09-26 11:19:31,320 INFO org.apache.juli.logging.DirectJDKLog [restartedMain] Starting ProtocolHandler ["http-nio-8080"]
2022-09-26 11:19:31,360 INFO org.springframework.boot.web.embedded.tomcat.TomcatWebServer [restartedMain] Tomcat started on port(s): 8080 (http) with context path ''
2022-09-26 11:19:31,478 INFO org.springframework.boot.StartupInfoLogger [restartedMain] Started SpringbootApplication in 12.037 seconds (JVM running for 16.123)
2022-09-26 11:19:56,160 INFO org.apache.juli.logging.DirectJDKLog [http-nio-8080-exec-1] Initializing Spring DispatcherServlet 'dispatcherServlet'
2022-09-26 11:19:56,160 INFO org.springframework.web.servlet.FrameworkServlet [http-nio-8080-exec-1] Initializing Servlet 'dispatcherServlet'
2022-09-26 11:19:56,167 INFO org.springframework.web.servlet.FrameworkServlet [http-nio-8080-exec-1] Completed initialization in 5 ms
2022-09-26 11:21:37,343 INFO org.springframework.boot.devtools.autoconfigure.LocalDevToolsAutoConfiguration$RestartingClassPathChangeChangedEventListener [File Watcher] Restarting due to 1 class path change (0 additions, 0 deletions, 1 modification)
2022-09-26 11:21:37,400 INFO org.apache.juli.logging.DirectJDKLog [Thread-5] Pausing ProtocolHandler ["http-nio-8080"]
2022-09-26 11:21:37,401 INFO org.apache.juli.logging.DirectJDKLog [Thread-5] Stopping service [Tomcat]
2022-09-26 11:21:37,426 INFO org.apache.juli.logging.DirectJDKLog [Thread-5] Destroying Spring FrameworkServlet 'dispatcherServlet'
2022-09-26 11:21:37,441 INFO org.apache.juli.logging.DirectJDKLog [Thread-5] Stopping ProtocolHandler ["http-nio-8080"]
2022-09-26 11:21:37,483 INFO org.apache.juli.logging.DirectJDKLog [Thread-5] Destroying ProtocolHandler ["http-nio-8080"]
2022-09-26 11:21:37,602 INFO org.springframework.orm.jpa.AbstractEntityManagerFactoryBean [Thread-5] Closing JPA EntityManagerFactory for persistence unit 'default'
2022-09-26 11:21:37,680 INFO com.zaxxer.hikari.HikariDataSource [Thread-5] HikariPool-1 - Shutdown initiated...
2022-09-26 11:21:37,741 INFO com.zaxxer.hikari.HikariDataSource [Thread-5] HikariPool-1 - Shutdown completed.
2022-09-26 11:21:39,364 INFO org.springframework.boot.StartupInfoLogger [restartedMain] Starting SpringbootApplication using Java 17.0.3 on vmf36 with PID 6069 (/home/feynmann/eclipse-workspace/springboot/target/classes started by feynmann in /home/feynmann/eclipse-workspace/springboot)
2022-09-26 11:21:39,365 DEBUG org.springframework.boot.StartupInfoLogger [restartedMain] Running with Spring Boot v2.7.3, Spring v5.3.22
2022-09-26 11:21:39,365 INFO org.springframework.boot.SpringApplication [restartedMain] No active profile set, falling back to 1 default profile: "default"
2022-09-26 11:21:42,809 INFO org.springframework.data.repository.config.RepositoryConfigurationDelegate [restartedMain] Bootstrapping Spring Data JPA repositories in DEFAULT mode.
2022-09-26 11:21:42,942 INFO org.springframework.data.repository.config.RepositoryConfigurationDelegate [restartedMain] Finished Spring Data repository scanning in 131 ms. Found 4 JPA repository interfaces.
2022-09-26 11:21:43,781 INFO org.springframework.boot.web.embedded.tomcat.TomcatWebServer [restartedMain] Tomcat initialized with port(s): 8080 (http)
2022-09-26 11:21:43,786 INFO org.apache.juli.logging.DirectJDKLog [restartedMain] Initializing ProtocolHandler ["http-nio-8080"]
2022-09-26 11:21:43,798 INFO org.apache.juli.logging.DirectJDKLog [restartedMain] Starting service [Tomcat]
2022-09-26 11:21:43,798 INFO org.apache.juli.logging.DirectJDKLog [restartedMain] Starting Servlet engine: [Apache Tomcat/9.0.65]
2022-09-26 11:21:43,858 INFO org.apache.juli.logging.DirectJDKLog [restartedMain] Initializing Spring embedded WebApplicationContext
2022-09-26 11:21:43,858 INFO org.springframework.boot.web.servlet.context.ServletWebServerApplicationContext [restartedMain] Root WebApplicationContext: initialization completed in 4453 ms
2022-09-26 11:21:44,372 INFO com.zaxxer.hikari.HikariDataSource [restartedMain] HikariPool-2 - Starting...
2022-09-26 11:21:44,525 INFO com.zaxxer.hikari.HikariDataSource [restartedMain] HikariPool-2 - Start completed.
2022-09-26 11:21:44,541 INFO org.hibernate.jpa.internal.util.LogHelper [restartedMain] HHH000204: Processing PersistenceUnitInfo [name: default]
2022-09-26 11:21:44,554 INFO org.hibernate.dialect.Dialect [restartedMain] HHH000400: Using dialect: org.hibernate.dialect.PostgreSQL10Dialect
2022-09-26 11:21:45,317 INFO org.hibernate.engine.transaction.jta.platform.internal.JtaPlatformInitiator [restartedMain] HHH000490: Using JtaPlatform implementation: [org.hibernate.engine.transaction.jta.platform.internal.NoJtaPlatform]
2022-09-26 11:21:45,344 INFO org.springframework.orm.jpa.AbstractEntityManagerFactoryBean [restartedMain] Initialized JPA EntityManagerFactory for persistence unit 'default'
2022-09-26 11:21:47,061 WARN org.springframework.boot.autoconfigure.orm.jpa.JpaBaseConfiguration$JpaWebConfiguration [restartedMain] spring.jpa.open-in-view is enabled by default. Therefore, database queries may be performed during view rendering. Explicitly configure spring.jpa.open-in-view to disable this warning
2022-09-26 11:21:47,891 INFO org.springframework.boot.devtools.autoconfigure.OptionalLiveReloadServer [restartedMain] LiveReload server is running on port 35729
2022-09-26 11:21:47,917 INFO org.springframework.boot.actuate.endpoint.web.EndpointLinksResolver [restartedMain] Exposing 1 endpoint(s) beneath base path '/actuator'
2022-09-26 11:21:48,000 INFO org.apache.juli.logging.DirectJDKLog [restartedMain] Starting ProtocolHandler ["http-nio-8080"]
2022-09-26 11:21:48,121 INFO org.springframework.boot.web.embedded.tomcat.TomcatWebServer [restartedMain] Tomcat started on port(s): 8080 (http) with context path ''
2022-09-26 11:21:48,230 INFO org.springframework.boot.StartupInfoLogger [restartedMain] Started SpringbootApplication in 9.532 seconds (JVM running for 152.875)
2022-09-26 11:21:48,250 INFO org.springframework.boot.devtools.autoconfigure.ConditionEvaluationDeltaLoggingListener [restartedMain] Condition evaluation unchanged
2022-09-26 11:21:49,536 INFO org.apache.juli.logging.DirectJDKLog [RMI TCP Connection(14)-127.0.0.1] Initializing Spring DispatcherServlet 'dispatcherServlet'
2022-09-26 11:21:49,541 INFO org.springframework.web.servlet.FrameworkServlet [RMI TCP Connection(14)-127.0.0.1] Initializing Servlet 'dispatcherServlet'
2022-09-26 11:21:49,545 INFO org.springframework.web.servlet.FrameworkServlet [RMI TCP Connection(14)-127.0.0.1] Completed initialization in 3 ms
2022-09-26 12:02:35,297 INFO org.springframework.boot.admin.SpringApplicationAdminMXBeanRegistrar$SpringApplicationAdmin [RMI TCP Connection(68)-127.0.0.1] Application shutdown requested.
2022-09-26 12:02:35,301 INFO org.apache.juli.logging.DirectJDKLog [RMI TCP Connection(68)-127.0.0.1] Pausing ProtocolHandler ["http-nio-8080"]
2022-09-26 12:02:35,302 INFO org.apache.juli.logging.DirectJDKLog [RMI TCP Connection(68)-127.0.0.1] Stopping service [Tomcat]
2022-09-26 12:02:35,305 INFO org.apache.juli.logging.DirectJDKLog [RMI TCP Connection(68)-127.0.0.1] Destroying Spring FrameworkServlet 'dispatcherServlet'
2022-09-26 12:02:35,308 INFO org.apache.juli.logging.DirectJDKLog [RMI TCP Connection(68)-127.0.0.1] Stopping ProtocolHandler ["http-nio-8080"]
2022-09-26 12:02:35,327 INFO org.apache.juli.logging.DirectJDKLog [RMI TCP Connection(68)-127.0.0.1] Destroying ProtocolHandler ["http-nio-8080"]
2022-09-26 12:02:35,341 INFO org.springframework.orm.jpa.AbstractEntityManagerFactoryBean [RMI TCP Connection(68)-127.0.0.1] Closing JPA EntityManagerFactory for persistence unit 'default'
2022-09-26 12:02:35,355 INFO com.zaxxer.hikari.HikariDataSource [RMI TCP Connection(68)-127.0.0.1] HikariPool-2 - Shutdown initiated...
2022-09-26 12:02:35,376 INFO com.zaxxer.hikari.HikariDataSource [RMI TCP Connection(68)-127.0.0.1] HikariPool-2 - Shutdown completed.
